2025-03-20 20:18:22,075 [Worker-0: Loading available Gradle versions] INFO  o.e.b.c.i.u.g.PublishedGradleVersions - Gradle version information cache is up-to-date. Trying to read.
2025-03-20 20:23:12,543 [Worker-1: Launching mavenrun-c31918b0-7a36-408d-93ca-acb1253d7030] INFO  o.eclipse.m2e.core.internal.Bundles - getClasspathEntries(Bundle=org.eclipse.m2e.maven.runtime_3.9.700.20240602-2313 [299])
2025-03-20 20:23:12,548 [Worker-1: Launching mavenrun-c31918b0-7a36-408d-93ca-acb1253d7030] INFO  o.eclipse.m2e.core.internal.Bundles - 	Entry: C:\Users\Santiago\.p2\pool\plugins\org.eclipse.m2e.maven.runtime_3.9.700.20240602-2313
2025-03-20 20:23:12,548 [Worker-1: Launching mavenrun-c31918b0-7a36-408d-93ca-acb1253d7030] INFO  o.eclipse.m2e.core.internal.Bundles - 	Entry: C:\Users\Santiago\.p2\pool\plugins\org.eclipse.m2e.maven.runtime_3.9.700.20240602-2313\jars\aopalliance-1.0.jar
2025-03-20 20:23:12,549 [Worker-1: Launching mavenrun-c31918b0-7a36-408d-93ca-acb1253d7030] INFO  o.eclipse.m2e.core.internal.Bundles - 	Entry: C:\Users\Santiago\.p2\pool\plugins\org.eclipse.m2e.maven.runtime_3.9.700.20240602-2313\jars\guice-5.1.0.jar
2025-03-20 20:23:12,549 [Worker-1: Launching mavenrun-c31918b0-7a36-408d-93ca-acb1253d7030] INFO  o.eclipse.m2e.core.internal.Bundles - 	Entry: C:\Users\Santiago\.p2\pool\plugins\org.eclipse.m2e.maven.runtime_3.9.700.20240602-2313\jars\httpclient-4.5.14.jar
2025-03-20 20:23:12,550 [Worker-1: Launching mavenrun-c31918b0-7a36-408d-93ca-acb1253d7030] INFO  o.eclipse.m2e.core.internal.Bundles - 	Entry: C:\Users\Santiago\.p2\pool\plugins\org.eclipse.m2e.maven.runtime_3.9.700.20240602-2313\jars\httpcore-4.4.16.jar
2025-03-20 20:23:12,550 [Worker-1: Launching mavenrun-c31918b0-7a36-408d-93ca-acb1253d7030] INFO  o.eclipse.m2e.core.internal.Bundles - 	Entry: C:\Users\Santiago\.p2\pool\plugins\org.eclipse.m2e.maven.runtime_3.9.700.20240602-2313\jars\jansi-2.4.1.jar
2025-03-20 20:23:12,551 [Worker-1: Launching mavenrun-c31918b0-7a36-408d-93ca-acb1253d7030] INFO  o.eclipse.m2e.core.internal.Bundles - 	Entry: C:\Users\Santiago\.p2\pool\plugins\org.eclipse.m2e.maven.runtime_3.9.700.20240602-2313\jars\jcl-over-slf4j-1.7.36.jar
2025-03-20 20:23:12,551 [Worker-1: Launching mavenrun-c31918b0-7a36-408d-93ca-acb1253d7030] INFO  o.eclipse.m2e.core.internal.Bundles - 	Entry: C:\Users\Santiago\.p2\pool\plugins\org.eclipse.m2e.maven.runtime_3.9.700.20240602-2313\jars\maven-artifact-3.9.7.jar
2025-03-20 20:23:12,551 [Worker-1: Launching mavenrun-c31918b0-7a36-408d-93ca-acb1253d7030] INFO  o.eclipse.m2e.core.internal.Bundles - 	Entry: C:\Users\Santiago\.p2\pool\plugins\org.eclipse.m2e.maven.runtime_3.9.700.20240602-2313\jars\maven-builder-support-3.9.7.jar
2025-03-20 20:23:12,551 [Worker-1: Launching mavenrun-c31918b0-7a36-408d-93ca-acb1253d7030] INFO  o.eclipse.m2e.core.internal.Bundles - 	Entry: C:\Users\Santiago\.p2\pool\plugins\org.eclipse.m2e.maven.runtime_3.9.700.20240602-2313\jars\maven-compat-3.9.7.jar
2025-03-20 20:23:12,551 [Worker-1: Launching mavenrun-c31918b0-7a36-408d-93ca-acb1253d7030] INFO  o.eclipse.m2e.core.internal.Bundles - 	Entry: C:\Users\Santiago\.p2\pool\plugins\org.eclipse.m2e.maven.runtime_3.9.700.20240602-2313\jars\maven-core-3.9.7.jar
2025-03-20 20:23:12,552 [Worker-1: Launching mavenrun-c31918b0-7a36-408d-93ca-acb1253d7030] INFO  o.eclipse.m2e.core.internal.Bundles - 	Entry: C:\Users\Santiago\.p2\pool\plugins\org.eclipse.m2e.maven.runtime_3.9.700.20240602-2313\jars\maven-embedder-3.9.7.jar
2025-03-20 20:23:12,552 [Worker-1: Launching mavenrun-c31918b0-7a36-408d-93ca-acb1253d7030] INFO  o.eclipse.m2e.core.internal.Bundles - 	Entry: C:\Users\Santiago\.p2\pool\plugins\org.eclipse.m2e.maven.runtime_3.9.700.20240602-2313\jars\maven-model-3.9.7.jar
2025-03-20 20:23:12,552 [Worker-1: Launching mavenrun-c31918b0-7a36-408d-93ca-acb1253d7030] INFO  o.eclipse.m2e.core.internal.Bundles - 	Entry: C:\Users\Santiago\.p2\pool\plugins\org.eclipse.m2e.maven.runtime_3.9.700.20240602-2313\jars\maven-model-builder-3.9.7.jar
2025-03-20 20:23:12,552 [Worker-1: Launching mavenrun-c31918b0-7a36-408d-93ca-acb1253d7030] INFO  o.eclipse.m2e.core.internal.Bundles - 	Entry: C:\Users\Santiago\.p2\pool\plugins\org.eclipse.m2e.maven.runtime_3.9.700.20240602-2313\jars\maven-plugin-api-3.9.7.jar
2025-03-20 20:23:12,553 [Worker-1: Launching mavenrun-c31918b0-7a36-408d-93ca-acb1253d7030] INFO  o.eclipse.m2e.core.internal.Bundles - 	Entry: C:\Users\Santiago\.p2\pool\plugins\org.eclipse.m2e.maven.runtime_3.9.700.20240602-2313\jars\maven-repository-metadata-3.9.7.jar
2025-03-20 20:23:12,553 [Worker-1: Launching mavenrun-c31918b0-7a36-408d-93ca-acb1253d7030] INFO  o.eclipse.m2e.core.internal.Bundles - 	Entry: C:\Users\Santiago\.p2\pool\plugins\org.eclipse.m2e.maven.runtime_3.9.700.20240602-2313\jars\maven-resolver-api-1.9.20.jar
2025-03-20 20:23:12,556 [Worker-1: Launching mavenrun-c31918b0-7a36-408d-93ca-acb1253d7030] INFO  o.eclipse.m2e.core.internal.Bundles - 	Entry: C:\Users\Santiago\.p2\pool\plugins\org.eclipse.m2e.maven.runtime_3.9.700.20240602-2313\jars\maven-resolver-connector-basic-1.9.20.jar
2025-03-20 20:23:12,556 [Worker-1: Launching mavenrun-c31918b0-7a36-408d-93ca-acb1253d7030] INFO  o.eclipse.m2e.core.internal.Bundles - 	Entry: C:\Users\Santiago\.p2\pool\plugins\org.eclipse.m2e.maven.runtime_3.9.700.20240602-2313\jars\maven-resolver-impl-1.9.20.jar
2025-03-20 20:23:12,556 [Worker-1: Launching mavenrun-c31918b0-7a36-408d-93ca-acb1253d7030] INFO  o.eclipse.m2e.core.internal.Bundles - 	Entry: C:\Users\Santiago\.p2\pool\plugins\org.eclipse.m2e.maven.runtime_3.9.700.20240602-2313\jars\maven-resolver-named-locks-1.9.20.jar
2025-03-20 20:23:12,556 [Worker-1: Launching mavenrun-c31918b0-7a36-408d-93ca-acb1253d7030] INFO  o.eclipse.m2e.core.internal.Bundles - 	Entry: C:\Users\Santiago\.p2\pool\plugins\org.eclipse.m2e.maven.runtime_3.9.700.20240602-2313\jars\maven-resolver-provider-3.9.7.jar
2025-03-20 20:23:12,557 [Worker-1: Launching mavenrun-c31918b0-7a36-408d-93ca-acb1253d7030] INFO  o.eclipse.m2e.core.internal.Bundles - 	Entry: C:\Users\Santiago\.p2\pool\plugins\org.eclipse.m2e.maven.runtime_3.9.700.20240602-2313\jars\maven-resolver-spi-1.9.20.jar
2025-03-20 20:23:12,557 [Worker-1: Launching mavenrun-c31918b0-7a36-408d-93ca-acb1253d7030] INFO  o.eclipse.m2e.core.internal.Bundles - 	Entry: C:\Users\Santiago\.p2\pool\plugins\org.eclipse.m2e.maven.runtime_3.9.700.20240602-2313\jars\maven-resolver-transport-file-1.9.20.jar
2025-03-20 20:23:12,557 [Worker-1: Launching mavenrun-c31918b0-7a36-408d-93ca-acb1253d7030] INFO  o.eclipse.m2e.core.internal.Bundles - 	Entry: C:\Users\Santiago\.p2\pool\plugins\org.eclipse.m2e.maven.runtime_3.9.700.20240602-2313\jars\maven-resolver-transport-http-1.9.20.jar
2025-03-20 20:23:12,557 [Worker-1: Launching mavenrun-c31918b0-7a36-408d-93ca-acb1253d7030] INFO  o.eclipse.m2e.core.internal.Bundles - 	Entry: C:\Users\Santiago\.p2\pool\plugins\org.eclipse.m2e.maven.runtime_3.9.700.20240602-2313\jars\maven-resolver-transport-wagon-1.9.20.jar
2025-03-20 20:23:12,557 [Worker-1: Launching mavenrun-c31918b0-7a36-408d-93ca-acb1253d7030] INFO  o.eclipse.m2e.core.internal.Bundles - 	Entry: C:\Users\Santiago\.p2\pool\plugins\org.eclipse.m2e.maven.runtime_3.9.700.20240602-2313\jars\maven-resolver-util-1.9.20.jar
2025-03-20 20:23:12,558 [Worker-1: Launching mavenrun-c31918b0-7a36-408d-93ca-acb1253d7030] INFO  o.eclipse.m2e.core.internal.Bundles - 	Entry: C:\Users\Santiago\.p2\pool\plugins\org.eclipse.m2e.maven.runtime_3.9.700.20240602-2313\jars\maven-settings-3.9.7.jar
2025-03-20 20:23:12,558 [Worker-1: Launching mavenrun-c31918b0-7a36-408d-93ca-acb1253d7030] INFO  o.eclipse.m2e.core.internal.Bundles - 	Entry: C:\Users\Santiago\.p2\pool\plugins\org.eclipse.m2e.maven.runtime_3.9.700.20240602-2313\jars\maven-settings-builder-3.9.7.jar
2025-03-20 20:23:12,558 [Worker-1: Launching mavenrun-c31918b0-7a36-408d-93ca-acb1253d7030] INFO  o.eclipse.m2e.core.internal.Bundles - 	Entry: C:\Users\Santiago\.p2\pool\plugins\org.eclipse.m2e.maven.runtime_3.9.700.20240602-2313\jars\maven-shared-utils-3.4.2.jar
2025-03-20 20:23:12,558 [Worker-1: Launching mavenrun-c31918b0-7a36-408d-93ca-acb1253d7030] INFO  o.eclipse.m2e.core.internal.Bundles - 	Entry: C:\Users\Santiago\.p2\pool\plugins\org.eclipse.m2e.maven.runtime_3.9.700.20240602-2313\jars\org.eclipse.sisu.inject-0.9.0.M2.jar
2025-03-20 20:23:12,559 [Worker-1: Launching mavenrun-c31918b0-7a36-408d-93ca-acb1253d7030] INFO  o.eclipse.m2e.core.internal.Bundles - 	Entry: C:\Users\Santiago\.p2\pool\plugins\org.eclipse.m2e.maven.runtime_3.9.700.20240602-2313\jars\org.eclipse.sisu.plexus-0.9.0.M2.jar
2025-03-20 20:23:12,559 [Worker-1: Launching mavenrun-c31918b0-7a36-408d-93ca-acb1253d7030] INFO  o.eclipse.m2e.core.internal.Bundles - 	Entry: C:\Users\Santiago\.p2\pool\plugins\org.eclipse.m2e.maven.runtime_3.9.700.20240602-2313\jars\plexus-build-api-0.0.7.jar
2025-03-20 20:23:12,559 [Worker-1: Launching mavenrun-c31918b0-7a36-408d-93ca-acb1253d7030] INFO  o.eclipse.m2e.core.internal.Bundles - 	Entry: C:\Users\Santiago\.p2\pool\plugins\org.eclipse.m2e.maven.runtime_3.9.700.20240602-2313\jars\plexus-build-api-1.2.0.jar
2025-03-20 20:23:12,560 [Worker-1: Launching mavenrun-c31918b0-7a36-408d-93ca-acb1253d7030] INFO  o.eclipse.m2e.core.internal.Bundles - 	Entry: C:\Users\Santiago\.p2\pool\plugins\org.eclipse.m2e.maven.runtime_3.9.700.20240602-2313\jars\plexus-cipher-2.0.jar
2025-03-20 20:23:12,560 [Worker-1: Launching mavenrun-c31918b0-7a36-408d-93ca-acb1253d7030] INFO  o.eclipse.m2e.core.internal.Bundles - 	Entry: C:\Users\Santiago\.p2\pool\plugins\org.eclipse.m2e.maven.runtime_3.9.700.20240602-2313\jars\plexus-classworlds-2.8.0.jar
2025-03-20 20:23:12,561 [Worker-1: Launching mavenrun-c31918b0-7a36-408d-93ca-acb1253d7030] INFO  o.eclipse.m2e.core.internal.Bundles - 	Entry: C:\Users\Santiago\.p2\pool\plugins\org.eclipse.m2e.maven.runtime_3.9.700.20240602-2313\jars\plexus-component-annotations-2.1.0.jar
2025-03-20 20:23:12,562 [Worker-1: Launching mavenrun-c31918b0-7a36-408d-93ca-acb1253d7030] INFO  o.eclipse.m2e.core.internal.Bundles - 	Entry: C:\Users\Santiago\.p2\pool\plugins\org.eclipse.m2e.maven.runtime_3.9.700.20240602-2313\jars\plexus-interpolation-1.27.jar
2025-03-20 20:23:12,562 [Worker-1: Launching mavenrun-c31918b0-7a36-408d-93ca-acb1253d7030] INFO  o.eclipse.m2e.core.internal.Bundles - 	Entry: C:\Users\Santiago\.p2\pool\plugins\org.eclipse.m2e.maven.runtime_3.9.700.20240602-2313\jars\plexus-sec-dispatcher-2.0.jar
2025-03-20 20:23:12,562 [Worker-1: Launching mavenrun-c31918b0-7a36-408d-93ca-acb1253d7030] INFO  o.eclipse.m2e.core.internal.Bundles - 	Entry: C:\Users\Santiago\.p2\pool\plugins\org.eclipse.m2e.maven.runtime_3.9.700.20240602-2313\jars\plexus-utils-3.5.1.jar
2025-03-20 20:23:12,563 [Worker-1: Launching mavenrun-c31918b0-7a36-408d-93ca-acb1253d7030] INFO  o.eclipse.m2e.core.internal.Bundles - 	Entry: C:\Users\Santiago\.p2\pool\plugins\org.eclipse.m2e.maven.runtime_3.9.700.20240602-2313\jars\wagon-file-3.5.3.jar
2025-03-20 20:23:12,564 [Worker-1: Launching mavenrun-c31918b0-7a36-408d-93ca-acb1253d7030] INFO  o.eclipse.m2e.core.internal.Bundles - 	Entry: C:\Users\Santiago\.p2\pool\plugins\org.eclipse.m2e.maven.runtime_3.9.700.20240602-2313\jars\wagon-http-3.5.3.jar
2025-03-20 20:23:12,564 [Worker-1: Launching mavenrun-c31918b0-7a36-408d-93ca-acb1253d7030] INFO  o.eclipse.m2e.core.internal.Bundles - 	Entry: C:\Users\Santiago\.p2\pool\plugins\org.eclipse.m2e.maven.runtime_3.9.700.20240602-2313\jars\wagon-http-shared-3.5.3.jar
2025-03-20 20:23:12,565 [Worker-1: Launching mavenrun-c31918b0-7a36-408d-93ca-acb1253d7030] INFO  o.eclipse.m2e.core.internal.Bundles - 	Entry: C:\Users\Santiago\.p2\pool\plugins\org.eclipse.m2e.maven.runtime_3.9.700.20240602-2313\jars\wagon-provider-api-3.5.3.jar
2025-03-20 20:23:12,567 [Worker-1: Launching mavenrun-c31918b0-7a36-408d-93ca-acb1253d7030] INFO  o.eclipse.m2e.core.internal.Bundles - getClasspathEntries(Bundle=com.google.guava_33.2.0.jre [10])
2025-03-20 20:23:12,568 [Worker-1: Launching mavenrun-c31918b0-7a36-408d-93ca-acb1253d7030] INFO  o.eclipse.m2e.core.internal.Bundles - 	Entry: C:\Users\Santiago\.p2\pool\plugins\com.google.guava_33.2.0.jre.jar
2025-03-20 20:23:12,568 [Worker-1: Launching mavenrun-c31918b0-7a36-408d-93ca-acb1253d7030] INFO  o.eclipse.m2e.core.internal.Bundles - getClasspathEntries(Bundle=slf4j.api_2.0.16 [520])
2025-03-20 20:23:12,568 [Worker-1: Launching mavenrun-c31918b0-7a36-408d-93ca-acb1253d7030] INFO  o.eclipse.m2e.core.internal.Bundles - 	Entry: C:\Users\Santiago\.p2\pool\plugins\slf4j.api_2.0.16.jar
2025-03-20 20:23:12,568 [Worker-1: Launching mavenrun-c31918b0-7a36-408d-93ca-acb1253d7030] INFO  o.eclipse.m2e.core.internal.Bundles - getClasspathEntries(Bundle=jakarta.inject.jakarta.inject-api_1.0.5 [21])
2025-03-20 20:23:12,569 [Worker-1: Launching mavenrun-c31918b0-7a36-408d-93ca-acb1253d7030] INFO  o.eclipse.m2e.core.internal.Bundles - 	Entry: C:\Users\Santiago\.p2\pool\plugins\jakarta.inject.jakarta.inject-api_1.0.5.jar
2025-03-20 20:23:12,569 [Worker-1: Launching mavenrun-c31918b0-7a36-408d-93ca-acb1253d7030] INFO  o.eclipse.m2e.core.internal.Bundles - getClasspathEntries(Bundle=javax.annotation_1.3.5.v20200909-1856 [24])
2025-03-20 20:23:12,570 [Worker-1: Launching mavenrun-c31918b0-7a36-408d-93ca-acb1253d7030] INFO  o.eclipse.m2e.core.internal.Bundles - 	Entry: C:\Users\Santiago\.p2\pool\plugins\javax.annotation_1.3.5.v20200909-1856.jar
2025-03-20 20:23:12,570 [Worker-1: Launching mavenrun-c31918b0-7a36-408d-93ca-acb1253d7030] INFO  o.eclipse.m2e.core.internal.Bundles - getClasspathEntries(Bundle=org.apache.commons.cli_1.8.0 [47])
2025-03-20 20:23:12,571 [Worker-1: Launching mavenrun-c31918b0-7a36-408d-93ca-acb1253d7030] INFO  o.eclipse.m2e.core.internal.Bundles - 	Entry: C:\Users\Santiago\.p2\pool\plugins\org.apache.commons.cli_1.8.0.jar
2025-03-20 20:23:12,571 [Worker-1: Launching mavenrun-c31918b0-7a36-408d-93ca-acb1253d7030] INFO  o.eclipse.m2e.core.internal.Bundles - getClasspathEntries(Bundle=org.apache.commons.commons-codec_1.16.0 [48])
2025-03-20 20:23:12,571 [Worker-1: Launching mavenrun-c31918b0-7a36-408d-93ca-acb1253d7030] INFO  o.eclipse.m2e.core.internal.Bundles - 	Entry: C:\Users\Santiago\.p2\pool\plugins\org.apache.commons.commons-codec_1.16.0.jar
2025-03-20 20:23:12,571 [Worker-1: Launching mavenrun-c31918b0-7a36-408d-93ca-acb1253d7030] INFO  o.eclipse.m2e.core.internal.Bundles - getClasspathEntries(Bundle=org.apache.commons.lang3_3.14.0 [54])
2025-03-20 20:23:12,572 [Worker-1: Launching mavenrun-c31918b0-7a36-408d-93ca-acb1253d7030] INFO  o.eclipse.m2e.core.internal.Bundles - 	Entry: C:\Users\Santiago\.p2\pool\plugins\org.apache.commons.lang3_3.14.0.jar
2025-03-20 20:23:12,572 [Worker-1: Launching mavenrun-c31918b0-7a36-408d-93ca-acb1253d7030] INFO  o.eclipse.m2e.core.internal.Bundles - getClasspathEntries(Bundle=com.google.guava.failureaccess_1.0.2 [11])
2025-03-20 20:23:12,572 [Worker-1: Launching mavenrun-c31918b0-7a36-408d-93ca-acb1253d7030] INFO  o.eclipse.m2e.core.internal.Bundles - 	Entry: C:\Users\Santiago\.p2\pool\plugins\com.google.guava.failureaccess_1.0.2.jar
2025-03-20 20:23:12,581 [Worker-1: Launching mavenrun-c31918b0-7a36-408d-93ca-acb1253d7030] INFO  o.e.m.i.launch.MavenLaunchDelegate - Run build in "C:\Users\Santiago\AppData\Local\Temp\m2e-archetypeGenerator8457088876256142807":
2025-03-20 20:23:12,688 [Worker-1: Launching mavenrun-c31918b0-7a36-408d-93ca-acb1253d7030] INFO  o.e.m.i.launch.MavenLaunchDelegate -  mvn  -DarchetypeGroupId=io.github.unlp-oo -DarchetypeArtifactId=archetype -DarchetypeVersion=1.0.0 -DgroupId=io.github.unlp-oo -DartifactId=archetype -Dversion=0.0.1-SNAPSHOT -Dpackage=io.github.unlp_oo.archetype -DoutputDirectory=C:\Users\Santiago\OneDrive\Documentos\LI\OO2 -Dstyle.color=always -U archetype:generate
2025-03-20 20:24:31,588 [Worker-5: Creating archetype] INFO  o.e.m.c.i.p.ProjectConfigurationManager - Collecting project info '/pom.xml' C:\Users\Santiago\OneDrive\Documentos\LI\OO2\archetype\pom.xml
2025-03-20 20:24:34,410 [Worker-5: Creating archetype] INFO  o.e.m.c.i.l.LifecycleMappingFactory - Using org.eclipse.m2e.jdt.JarLifecycleMapping lifecycle mapping for MavenProject: io.github.unlp-oo:archetype:0.0.1-SNAPSHOT @ C:\Users\Santiago\OneDrive\Documentos\LI\OO2\archetype\pom.xml.
2025-03-20 20:24:37,586 [Worker-5: Creating archetype] INFO  o.e.m.j.i.AbstractJavaProjectConfigurator - Adding source folder /archetype/src/main/java
2025-03-20 20:24:37,590 [Worker-5: Creating archetype] INFO  o.e.m.j.i.AbstractJavaProjectConfigurator - Adding resource folder /archetype/src/main/resources
2025-03-20 20:24:37,591 [Worker-5: Creating archetype] INFO  o.e.m.j.i.AbstractJavaProjectConfigurator - Adding source folder /archetype/src/test/java
2025-03-20 20:24:37,594 [Worker-5: Creating archetype] INFO  o.e.m.j.i.AbstractJavaProjectConfigurator - Adding resource folder /archetype/src/test/resources
2025-03-20 20:24:38,123 [Worker-5: Creating archetype] INFO  o.e.m.c.i.p.ProjectConfigurationManager - Imported and configured 1 project(s) in 6 sec
2025-03-20 20:24:40,213 [Worker-0: Building] INFO  o.a.m.s.f.DefaultMavenResourcesFiltering - skip non existing resourceDirectory C:\Users\Santiago\OneDrive\Documentos\LI\OO2\archetype\src\main\resources
2025-03-20 20:24:40,220 [Worker-0: Building] INFO  o.a.m.s.f.DefaultMavenResourcesFiltering - skip non existing resourceDirectory C:\Users\Santiago\OneDrive\Documentos\LI\OO2\archetype\src\test\resources
2025-03-20 20:25:46,093 [Worker-1: Importing Maven projects] INFO  o.e.m.c.i.l.LifecycleMappingFactory - Using org.eclipse.m2e.jdt.JarLifecycleMapping lifecycle mapping for MavenProject: io.github.unlp-oo:archetype:0.0.1-SNAPSHOT @ C:\Users\Santiago\OneDrive\Documentos\LI\OO2\Ejercicio_1 Red social\pom.xml.
2025-03-20 20:25:46,528 [Worker-1: Importing Maven projects] INFO  o.e.m.j.i.AbstractJavaProjectConfigurator - Adding source folder /Ejercicio_1 Red social/src/main/java
2025-03-20 20:25:46,530 [Worker-1: Importing Maven projects] INFO  o.e.m.j.i.AbstractJavaProjectConfigurator - Adding resource folder /Ejercicio_1 Red social/src/main/resources
2025-03-20 20:25:46,530 [Worker-1: Importing Maven projects] INFO  o.e.m.j.i.AbstractJavaProjectConfigurator - Adding source folder /Ejercicio_1 Red social/src/test/java
2025-03-20 20:25:46,532 [Worker-1: Importing Maven projects] INFO  o.e.m.j.i.AbstractJavaProjectConfigurator - Adding resource folder /Ejercicio_1 Red social/src/test/resources
2025-03-20 20:25:46,598 [Worker-1: Importing Maven projects] INFO  o.e.m.c.i.p.ProjectConfigurationManager - Imported and configured 1 project(s) in 1 sec
2025-03-20 20:25:48,482 [Worker-1: Building] INFO  o.a.m.s.f.DefaultMavenResourcesFiltering - skip non existing resourceDirectory C:\Users\Santiago\OneDrive\Documentos\LI\OO2\Ejercicio_1 Red social\src\main\resources
2025-03-20 20:25:48,505 [Worker-1: Building] INFO  o.a.m.s.f.DefaultMavenResourcesFiltering - skip non existing resourceDirectory C:\Users\Santiago\OneDrive\Documentos\LI\OO2\Ejercicio_1 Red social\src\test\resources
2025-03-20 20:29:55,451 [Worker-11: Building] INFO  o.a.m.s.f.DefaultMavenResourcesFiltering - skip non existing resourceDirectory C:\Users\Santiago\OneDrive\Documentos\LI\OO2\Ejercicio_1 Red social\src\main\resources
2025-03-20 20:29:55,460 [Worker-11: Building] INFO  o.a.m.s.f.DefaultMavenResourcesFiltering - skip non existing resourceDirectory C:\Users\Santiago\OneDrive\Documentos\LI\OO2\Ejercicio_1 Red social\src\test\resources
2025-03-20 20:55:01,307 [Worker-14: Building] INFO  o.a.m.s.f.DefaultMavenResourcesFiltering - skip non existing resourceDirectory C:\Users\Santiago\OneDrive\Documentos\LI\OO2\Ejercicio_1 Red social\src\main\resources
2025-03-20 20:55:01,311 [Worker-14: Building] INFO  o.a.m.s.f.DefaultMavenResourcesFiltering - skip non existing resourceDirectory C:\Users\Santiago\OneDrive\Documentos\LI\OO2\Ejercicio_1 Red social\src\test\resources
2025-03-20 20:55:11,175 [Worker-14: Building] INFO  o.a.m.s.f.DefaultMavenResourcesFiltering - skip non existing resourceDirectory C:\Users\Santiago\OneDrive\Documentos\LI\OO2\Ejercicio_1 Red social\src\main\resources
2025-03-20 20:55:11,179 [Worker-14: Building] INFO  o.a.m.s.f.DefaultMavenResourcesFiltering - skip non existing resourceDirectory C:\Users\Santiago\OneDrive\Documentos\LI\OO2\Ejercicio_1 Red social\src\test\resources
2025-03-20 21:37:32,414 [Worker-11: Building] INFO  o.a.m.s.f.DefaultMavenResourcesFiltering - skip non existing resourceDirectory C:\Users\Santiago\OneDrive\Documentos\LI\OO2\Ejercicio_1 Red social\src\main\resources
2025-03-20 21:37:32,425 [Worker-11: Building] INFO  o.a.m.s.f.DefaultMavenResourcesFiltering - skip non existing resourceDirectory C:\Users\Santiago\OneDrive\Documentos\LI\OO2\Ejercicio_1 Red social\src\test\resources
2025-03-20 21:37:48,284 [Worker-17: Building] INFO  o.a.m.s.f.DefaultMavenResourcesFiltering - skip non existing resourceDirectory C:\Users\Santiago\OneDrive\Documentos\LI\OO2\Ejercicio_1 Red social\src\main\resources
2025-03-20 21:37:48,294 [Worker-17: Building] INFO  o.a.m.s.f.DefaultMavenResourcesFiltering - skip non existing resourceDirectory C:\Users\Santiago\OneDrive\Documentos\LI\OO2\Ejercicio_1 Red social\src\test\resources
2025-03-20 21:50:47,450 [Worker-12: Building] INFO  o.a.m.s.f.DefaultMavenResourcesFiltering - skip non existing resourceDirectory C:\Users\Santiago\OneDrive\Documentos\LI\OO2\Ejercicio_1 Red social\src\main\resources
2025-03-20 21:50:47,452 [Worker-12: Building] INFO  o.a.m.s.f.DefaultMavenResourcesFiltering - skip non existing resourceDirectory C:\Users\Santiago\OneDrive\Documentos\LI\OO2\Ejercicio_1 Red social\src\test\resources
2025-03-20 21:55:43,978 [Worker-19: Building] INFO  o.a.m.s.f.DefaultMavenResourcesFiltering - skip non existing resourceDirectory C:\Users\Santiago\OneDrive\Documentos\LI\OO2\Ejercicio_1 Red social\src\main\resources
2025-03-20 21:55:43,982 [Worker-19: Building] INFO  o.a.m.s.f.DefaultMavenResourcesFiltering - skip non existing resourceDirectory C:\Users\Santiago\OneDrive\Documentos\LI\OO2\Ejercicio_1 Red social\src\test\resources
2025-03-20 21:56:47,100 [Worker-18: Building] INFO  o.a.m.s.f.DefaultMavenResourcesFiltering - skip non existing resourceDirectory C:\Users\Santiago\OneDrive\Documentos\LI\OO2\Ejercicio_1 Red social\src\main\resources
2025-03-20 21:56:47,104 [Worker-18: Building] INFO  o.a.m.s.f.DefaultMavenResourcesFiltering - skip non existing resourceDirectory C:\Users\Santiago\OneDrive\Documentos\LI\OO2\Ejercicio_1 Red social\src\test\resources
2025-03-20 22:04:43,060 [Worker-20: Building] INFO  o.a.m.s.f.DefaultMavenResourcesFiltering - skip non existing resourceDirectory C:\Users\Santiago\OneDrive\Documentos\LI\OO2\Ejercicio_1 Red social\src\main\resources
2025-03-20 22:04:43,063 [Worker-20: Building] INFO  o.a.m.s.f.DefaultMavenResourcesFiltering - skip non existing resourceDirectory C:\Users\Santiago\OneDrive\Documentos\LI\OO2\Ejercicio_1 Red social\src\test\resources
2025-03-20 22:05:11,184 [Worker-18: Building] INFO  o.a.m.s.f.DefaultMavenResourcesFiltering - skip non existing resourceDirectory C:\Users\Santiago\OneDrive\Documentos\LI\OO2\Ejercicio_1 Red social\src\main\resources
2025-03-20 22:05:11,190 [Worker-18: Building] INFO  o.a.m.s.f.DefaultMavenResourcesFiltering - skip non existing resourceDirectory C:\Users\Santiago\OneDrive\Documentos\LI\OO2\Ejercicio_1 Red social\src\test\resources
2025-03-20 22:05:25,884 [Worker-18: Launching TwitterTest] INFO  o.a.m.s.f.DefaultMavenResourcesFiltering - skip non existing resourceDirectory C:\Users\Santiago\OneDrive\Documentos\LI\OO2\Ejercicio_1 Red social\src\main\resources
2025-03-20 22:05:25,888 [Worker-18: Launching TwitterTest] INFO  o.a.m.s.f.DefaultMavenResourcesFiltering - skip non existing resourceDirectory C:\Users\Santiago\OneDrive\Documentos\LI\OO2\Ejercicio_1 Red social\src\test\resources
2025-03-20 22:06:57,844 [Worker-21: Building] INFO  o.a.m.s.f.DefaultMavenResourcesFiltering - skip non existing resourceDirectory C:\Users\Santiago\OneDrive\Documentos\LI\OO2\Ejercicio_1 Red social\src\main\resources
2025-03-20 22:06:57,851 [Worker-21: Building] INFO  o.a.m.s.f.DefaultMavenResourcesFiltering - skip non existing resourceDirectory C:\Users\Santiago\OneDrive\Documentos\LI\OO2\Ejercicio_1 Red social\src\test\resources
2025-03-20 22:08:07,326 [Worker-21: Building] INFO  o.a.m.s.f.DefaultMavenResourcesFiltering - skip non existing resourceDirectory C:\Users\Santiago\OneDrive\Documentos\LI\OO2\Ejercicio_1 Red social\src\main\resources
2025-03-20 22:08:07,329 [Worker-21: Building] INFO  o.a.m.s.f.DefaultMavenResourcesFiltering - skip non existing resourceDirectory C:\Users\Santiago\OneDrive\Documentos\LI\OO2\Ejercicio_1 Red social\src\test\resources
2025-03-20 22:08:24,706 [Worker-21: Launching UserTest] INFO  o.a.m.s.f.DefaultMavenResourcesFiltering - skip non existing resourceDirectory C:\Users\Santiago\OneDrive\Documentos\LI\OO2\Ejercicio_1 Red social\src\main\resources
2025-03-20 22:08:24,709 [Worker-21: Launching UserTest] INFO  o.a.m.s.f.DefaultMavenResourcesFiltering - skip non existing resourceDirectory C:\Users\Santiago\OneDrive\Documentos\LI\OO2\Ejercicio_1 Red social\src\test\resources
2025-03-20 22:10:07,698 [Worker-12: Launching Rerun testUser()] INFO  o.a.m.s.f.DefaultMavenResourcesFiltering - skip non existing resourceDirectory C:\Users\Santiago\OneDrive\Documentos\LI\OO2\Ejercicio_1 Red social\src\main\resources
2025-03-20 22:10:07,702 [Worker-12: Launching Rerun testUser()] INFO  o.a.m.s.f.DefaultMavenResourcesFiltering - skip non existing resourceDirectory C:\Users\Santiago\OneDrive\Documentos\LI\OO2\Ejercicio_1 Red social\src\test\resources
2025-03-20 22:10:57,747 [Worker-18: Building] INFO  o.a.m.s.f.DefaultMavenResourcesFiltering - skip non existing resourceDirectory C:\Users\Santiago\OneDrive\Documentos\LI\OO2\Ejercicio_1 Red social\src\main\resources
2025-03-20 22:10:57,756 [Worker-18: Building] INFO  o.a.m.s.f.DefaultMavenResourcesFiltering - skip non existing resourceDirectory C:\Users\Santiago\OneDrive\Documentos\LI\OO2\Ejercicio_1 Red social\src\test\resources
2025-03-20 22:11:02,725 [Worker-19: Launching UserTest] INFO  o.a.m.s.f.DefaultMavenResourcesFiltering - skip non existing resourceDirectory C:\Users\Santiago\OneDrive\Documentos\LI\OO2\Ejercicio_1 Red social\src\main\resources
2025-03-20 22:11:02,728 [Worker-19: Launching UserTest] INFO  o.a.m.s.f.DefaultMavenResourcesFiltering - skip non existing resourceDirectory C:\Users\Santiago\OneDrive\Documentos\LI\OO2\Ejercicio_1 Red social\src\test\resources
2025-03-21 08:56:37,291 [Worker-0: Loading available Gradle versions] INFO  o.e.b.c.i.u.g.PublishedGradleVersions - Gradle version information cache is up-to-date. Trying to read.
2025-03-21 09:10:15,841 [Worker-7: Building] INFO  o.a.m.s.f.DefaultMavenResourcesFiltering - skip non existing resourceDirectory C:\Users\Santiago\OneDrive\Documentos\LI\OO2\Ejercicio_1 Red social\src\main\resources
2025-03-21 09:10:15,850 [Worker-7: Building] INFO  o.a.m.s.f.DefaultMavenResourcesFiltering - skip non existing resourceDirectory C:\Users\Santiago\OneDrive\Documentos\LI\OO2\Ejercicio_1 Red social\src\test\resources
2025-03-21 09:10:38,941 [Worker-7: Building] INFO  o.a.m.s.f.DefaultMavenResourcesFiltering - skip non existing resourceDirectory C:\Users\Santiago\OneDrive\Documentos\LI\OO2\Ejercicio_1 Red social\src\main\resources
2025-03-21 09:10:38,948 [Worker-7: Building] INFO  o.a.m.s.f.DefaultMavenResourcesFiltering - skip non existing resourceDirectory C:\Users\Santiago\OneDrive\Documentos\LI\OO2\Ejercicio_1 Red social\src\test\resources
2025-03-21 09:12:59,773 [Worker-10: Launching mavenrun-78816f4b-cbf3-488a-be19-ca60c0d559a7] INFO  o.eclipse.m2e.core.internal.Bundles - getClasspathEntries(Bundle=org.eclipse.m2e.maven.runtime_3.9.700.20240602-2313 [299])
2025-03-21 09:12:59,776 [Worker-10: Launching mavenrun-78816f4b-cbf3-488a-be19-ca60c0d559a7] INFO  o.eclipse.m2e.core.internal.Bundles - 	Entry: C:\Users\Santiago\.p2\pool\plugins\org.eclipse.m2e.maven.runtime_3.9.700.20240602-2313
2025-03-21 09:12:59,777 [Worker-10: Launching mavenrun-78816f4b-cbf3-488a-be19-ca60c0d559a7] INFO  o.eclipse.m2e.core.internal.Bundles - 	Entry: C:\Users\Santiago\.p2\pool\plugins\org.eclipse.m2e.maven.runtime_3.9.700.20240602-2313\jars\aopalliance-1.0.jar
2025-03-21 09:12:59,777 [Worker-10: Launching mavenrun-78816f4b-cbf3-488a-be19-ca60c0d559a7] INFO  o.eclipse.m2e.core.internal.Bundles - 	Entry: C:\Users\Santiago\.p2\pool\plugins\org.eclipse.m2e.maven.runtime_3.9.700.20240602-2313\jars\guice-5.1.0.jar
2025-03-21 09:12:59,778 [Worker-10: Launching mavenrun-78816f4b-cbf3-488a-be19-ca60c0d559a7] INFO  o.eclipse.m2e.core.internal.Bundles - 	Entry: C:\Users\Santiago\.p2\pool\plugins\org.eclipse.m2e.maven.runtime_3.9.700.20240602-2313\jars\httpclient-4.5.14.jar
2025-03-21 09:12:59,779 [Worker-10: Launching mavenrun-78816f4b-cbf3-488a-be19-ca60c0d559a7] INFO  o.eclipse.m2e.core.internal.Bundles - 	Entry: C:\Users\Santiago\.p2\pool\plugins\org.eclipse.m2e.maven.runtime_3.9.700.20240602-2313\jars\httpcore-4.4.16.jar
2025-03-21 09:12:59,779 [Worker-10: Launching mavenrun-78816f4b-cbf3-488a-be19-ca60c0d559a7] INFO  o.eclipse.m2e.core.internal.Bundles - 	Entry: C:\Users\Santiago\.p2\pool\plugins\org.eclipse.m2e.maven.runtime_3.9.700.20240602-2313\jars\jansi-2.4.1.jar
2025-03-21 09:12:59,779 [Worker-10: Launching mavenrun-78816f4b-cbf3-488a-be19-ca60c0d559a7] INFO  o.eclipse.m2e.core.internal.Bundles - 	Entry: C:\Users\Santiago\.p2\pool\plugins\org.eclipse.m2e.maven.runtime_3.9.700.20240602-2313\jars\jcl-over-slf4j-1.7.36.jar
2025-03-21 09:12:59,779 [Worker-10: Launching mavenrun-78816f4b-cbf3-488a-be19-ca60c0d559a7] INFO  o.eclipse.m2e.core.internal.Bundles - 	Entry: C:\Users\Santiago\.p2\pool\plugins\org.eclipse.m2e.maven.runtime_3.9.700.20240602-2313\jars\maven-artifact-3.9.7.jar
2025-03-21 09:12:59,779 [Worker-10: Launching mavenrun-78816f4b-cbf3-488a-be19-ca60c0d559a7] INFO  o.eclipse.m2e.core.internal.Bundles - 	Entry: C:\Users\Santiago\.p2\pool\plugins\org.eclipse.m2e.maven.runtime_3.9.700.20240602-2313\jars\maven-builder-support-3.9.7.jar
2025-03-21 09:12:59,780 [Worker-10: Launching mavenrun-78816f4b-cbf3-488a-be19-ca60c0d559a7] INFO  o.eclipse.m2e.core.internal.Bundles - 	Entry: C:\Users\Santiago\.p2\pool\plugins\org.eclipse.m2e.maven.runtime_3.9.700.20240602-2313\jars\maven-compat-3.9.7.jar
2025-03-21 09:12:59,780 [Worker-10: Launching mavenrun-78816f4b-cbf3-488a-be19-ca60c0d559a7] INFO  o.eclipse.m2e.core.internal.Bundles - 	Entry: C:\Users\Santiago\.p2\pool\plugins\org.eclipse.m2e.maven.runtime_3.9.700.20240602-2313\jars\maven-core-3.9.7.jar
2025-03-21 09:12:59,780 [Worker-10: Launching mavenrun-78816f4b-cbf3-488a-be19-ca60c0d559a7] INFO  o.eclipse.m2e.core.internal.Bundles - 	Entry: C:\Users\Santiago\.p2\pool\plugins\org.eclipse.m2e.maven.runtime_3.9.700.20240602-2313\jars\maven-embedder-3.9.7.jar
2025-03-21 09:12:59,780 [Worker-10: Launching mavenrun-78816f4b-cbf3-488a-be19-ca60c0d559a7] INFO  o.eclipse.m2e.core.internal.Bundles - 	Entry: C:\Users\Santiago\.p2\pool\plugins\org.eclipse.m2e.maven.runtime_3.9.700.20240602-2313\jars\maven-model-3.9.7.jar
2025-03-21 09:12:59,780 [Worker-10: Launching mavenrun-78816f4b-cbf3-488a-be19-ca60c0d559a7] INFO  o.eclipse.m2e.core.internal.Bundles - 	Entry: C:\Users\Santiago\.p2\pool\plugins\org.eclipse.m2e.maven.runtime_3.9.700.20240602-2313\jars\maven-model-builder-3.9.7.jar
2025-03-21 09:12:59,780 [Worker-10: Launching mavenrun-78816f4b-cbf3-488a-be19-ca60c0d559a7] INFO  o.eclipse.m2e.core.internal.Bundles - 	Entry: C:\Users\Santiago\.p2\pool\plugins\org.eclipse.m2e.maven.runtime_3.9.700.20240602-2313\jars\maven-plugin-api-3.9.7.jar
2025-03-21 09:12:59,781 [Worker-10: Launching mavenrun-78816f4b-cbf3-488a-be19-ca60c0d559a7] INFO  o.eclipse.m2e.core.internal.Bundles - 	Entry: C:\Users\Santiago\.p2\pool\plugins\org.eclipse.m2e.maven.runtime_3.9.700.20240602-2313\jars\maven-repository-metadata-3.9.7.jar
2025-03-21 09:12:59,781 [Worker-10: Launching mavenrun-78816f4b-cbf3-488a-be19-ca60c0d559a7] INFO  o.eclipse.m2e.core.internal.Bundles - 	Entry: C:\Users\Santiago\.p2\pool\plugins\org.eclipse.m2e.maven.runtime_3.9.700.20240602-2313\jars\maven-resolver-api-1.9.20.jar
2025-03-21 09:12:59,781 [Worker-10: Launching mavenrun-78816f4b-cbf3-488a-be19-ca60c0d559a7] INFO  o.eclipse.m2e.core.internal.Bundles - 	Entry: C:\Users\Santiago\.p2\pool\plugins\org.eclipse.m2e.maven.runtime_3.9.700.20240602-2313\jars\maven-resolver-connector-basic-1.9.20.jar
2025-03-21 09:12:59,781 [Worker-10: Launching mavenrun-78816f4b-cbf3-488a-be19-ca60c0d559a7] INFO  o.eclipse.m2e.core.internal.Bundles - 	Entry: C:\Users\Santiago\.p2\pool\plugins\org.eclipse.m2e.maven.runtime_3.9.700.20240602-2313\jars\maven-resolver-impl-1.9.20.jar
2025-03-21 09:12:59,781 [Worker-10: Launching mavenrun-78816f4b-cbf3-488a-be19-ca60c0d559a7] INFO  o.eclipse.m2e.core.internal.Bundles - 	Entry: C:\Users\Santiago\.p2\pool\plugins\org.eclipse.m2e.maven.runtime_3.9.700.20240602-2313\jars\maven-resolver-named-locks-1.9.20.jar
2025-03-21 09:12:59,782 [Worker-10: Launching mavenrun-78816f4b-cbf3-488a-be19-ca60c0d559a7] INFO  o.eclipse.m2e.core.internal.Bundles - 	Entry: C:\Users\Santiago\.p2\pool\plugins\org.eclipse.m2e.maven.runtime_3.9.700.20240602-2313\jars\maven-resolver-provider-3.9.7.jar
2025-03-21 09:12:59,782 [Worker-10: Launching mavenrun-78816f4b-cbf3-488a-be19-ca60c0d559a7] INFO  o.eclipse.m2e.core.internal.Bundles - 	Entry: C:\Users\Santiago\.p2\pool\plugins\org.eclipse.m2e.maven.runtime_3.9.700.20240602-2313\jars\maven-resolver-spi-1.9.20.jar
2025-03-21 09:12:59,782 [Worker-10: Launching mavenrun-78816f4b-cbf3-488a-be19-ca60c0d559a7] INFO  o.eclipse.m2e.core.internal.Bundles - 	Entry: C:\Users\Santiago\.p2\pool\plugins\org.eclipse.m2e.maven.runtime_3.9.700.20240602-2313\jars\maven-resolver-transport-file-1.9.20.jar
2025-03-21 09:12:59,782 [Worker-10: Launching mavenrun-78816f4b-cbf3-488a-be19-ca60c0d559a7] INFO  o.eclipse.m2e.core.internal.Bundles - 	Entry: C:\Users\Santiago\.p2\pool\plugins\org.eclipse.m2e.maven.runtime_3.9.700.20240602-2313\jars\maven-resolver-transport-http-1.9.20.jar
2025-03-21 09:12:59,783 [Worker-10: Launching mavenrun-78816f4b-cbf3-488a-be19-ca60c0d559a7] INFO  o.eclipse.m2e.core.internal.Bundles - 	Entry: C:\Users\Santiago\.p2\pool\plugins\org.eclipse.m2e.maven.runtime_3.9.700.20240602-2313\jars\maven-resolver-transport-wagon-1.9.20.jar
2025-03-21 09:12:59,783 [Worker-10: Launching mavenrun-78816f4b-cbf3-488a-be19-ca60c0d559a7] INFO  o.eclipse.m2e.core.internal.Bundles - 	Entry: C:\Users\Santiago\.p2\pool\plugins\org.eclipse.m2e.maven.runtime_3.9.700.20240602-2313\jars\maven-resolver-util-1.9.20.jar
2025-03-21 09:12:59,783 [Worker-10: Launching mavenrun-78816f4b-cbf3-488a-be19-ca60c0d559a7] INFO  o.eclipse.m2e.core.internal.Bundles - 	Entry: C:\Users\Santiago\.p2\pool\plugins\org.eclipse.m2e.maven.runtime_3.9.700.20240602-2313\jars\maven-settings-3.9.7.jar
2025-03-21 09:12:59,783 [Worker-10: Launching mavenrun-78816f4b-cbf3-488a-be19-ca60c0d559a7] INFO  o.eclipse.m2e.core.internal.Bundles - 	Entry: C:\Users\Santiago\.p2\pool\plugins\org.eclipse.m2e.maven.runtime_3.9.700.20240602-2313\jars\maven-settings-builder-3.9.7.jar
2025-03-21 09:12:59,784 [Worker-10: Launching mavenrun-78816f4b-cbf3-488a-be19-ca60c0d559a7] INFO  o.eclipse.m2e.core.internal.Bundles - 	Entry: C:\Users\Santiago\.p2\pool\plugins\org.eclipse.m2e.maven.runtime_3.9.700.20240602-2313\jars\maven-shared-utils-3.4.2.jar
2025-03-21 09:12:59,784 [Worker-10: Launching mavenrun-78816f4b-cbf3-488a-be19-ca60c0d559a7] INFO  o.eclipse.m2e.core.internal.Bundles - 	Entry: C:\Users\Santiago\.p2\pool\plugins\org.eclipse.m2e.maven.runtime_3.9.700.20240602-2313\jars\org.eclipse.sisu.inject-0.9.0.M2.jar
2025-03-21 09:12:59,784 [Worker-10: Launching mavenrun-78816f4b-cbf3-488a-be19-ca60c0d559a7] INFO  o.eclipse.m2e.core.internal.Bundles - 	Entry: C:\Users\Santiago\.p2\pool\plugins\org.eclipse.m2e.maven.runtime_3.9.700.20240602-2313\jars\org.eclipse.sisu.plexus-0.9.0.M2.jar
2025-03-21 09:12:59,784 [Worker-10: Launching mavenrun-78816f4b-cbf3-488a-be19-ca60c0d559a7] INFO  o.eclipse.m2e.core.internal.Bundles - 	Entry: C:\Users\Santiago\.p2\pool\plugins\org.eclipse.m2e.maven.runtime_3.9.700.20240602-2313\jars\plexus-build-api-0.0.7.jar
2025-03-21 09:12:59,785 [Worker-10: Launching mavenrun-78816f4b-cbf3-488a-be19-ca60c0d559a7] INFO  o.eclipse.m2e.core.internal.Bundles - 	Entry: C:\Users\Santiago\.p2\pool\plugins\org.eclipse.m2e.maven.runtime_3.9.700.20240602-2313\jars\plexus-build-api-1.2.0.jar
2025-03-21 09:12:59,785 [Worker-10: Launching mavenrun-78816f4b-cbf3-488a-be19-ca60c0d559a7] INFO  o.eclipse.m2e.core.internal.Bundles - 	Entry: C:\Users\Santiago\.p2\pool\plugins\org.eclipse.m2e.maven.runtime_3.9.700.20240602-2313\jars\plexus-cipher-2.0.jar
2025-03-21 09:12:59,785 [Worker-10: Launching mavenrun-78816f4b-cbf3-488a-be19-ca60c0d559a7] INFO  o.eclipse.m2e.core.internal.Bundles - 	Entry: C:\Users\Santiago\.p2\pool\plugins\org.eclipse.m2e.maven.runtime_3.9.700.20240602-2313\jars\plexus-classworlds-2.8.0.jar
2025-03-21 09:12:59,785 [Worker-10: Launching mavenrun-78816f4b-cbf3-488a-be19-ca60c0d559a7] INFO  o.eclipse.m2e.core.internal.Bundles - 	Entry: C:\Users\Santiago\.p2\pool\plugins\org.eclipse.m2e.maven.runtime_3.9.700.20240602-2313\jars\plexus-component-annotations-2.1.0.jar
2025-03-21 09:12:59,786 [Worker-10: Launching mavenrun-78816f4b-cbf3-488a-be19-ca60c0d559a7] INFO  o.eclipse.m2e.core.internal.Bundles - 	Entry: C:\Users\Santiago\.p2\pool\plugins\org.eclipse.m2e.maven.runtime_3.9.700.20240602-2313\jars\plexus-interpolation-1.27.jar
2025-03-21 09:12:59,786 [Worker-10: Launching mavenrun-78816f4b-cbf3-488a-be19-ca60c0d559a7] INFO  o.eclipse.m2e.core.internal.Bundles - 	Entry: C:\Users\Santiago\.p2\pool\plugins\org.eclipse.m2e.maven.runtime_3.9.700.20240602-2313\jars\plexus-sec-dispatcher-2.0.jar
2025-03-21 09:12:59,786 [Worker-10: Launching mavenrun-78816f4b-cbf3-488a-be19-ca60c0d559a7] INFO  o.eclipse.m2e.core.internal.Bundles - 	Entry: C:\Users\Santiago\.p2\pool\plugins\org.eclipse.m2e.maven.runtime_3.9.700.20240602-2313\jars\plexus-utils-3.5.1.jar
2025-03-21 09:12:59,786 [Worker-10: Launching mavenrun-78816f4b-cbf3-488a-be19-ca60c0d559a7] INFO  o.eclipse.m2e.core.internal.Bundles - 	Entry: C:\Users\Santiago\.p2\pool\plugins\org.eclipse.m2e.maven.runtime_3.9.700.20240602-2313\jars\wagon-file-3.5.3.jar
2025-03-21 09:12:59,787 [Worker-10: Launching mavenrun-78816f4b-cbf3-488a-be19-ca60c0d559a7] INFO  o.eclipse.m2e.core.internal.Bundles - 	Entry: C:\Users\Santiago\.p2\pool\plugins\org.eclipse.m2e.maven.runtime_3.9.700.20240602-2313\jars\wagon-http-3.5.3.jar
2025-03-21 09:12:59,787 [Worker-10: Launching mavenrun-78816f4b-cbf3-488a-be19-ca60c0d559a7] INFO  o.eclipse.m2e.core.internal.Bundles - 	Entry: C:\Users\Santiago\.p2\pool\plugins\org.eclipse.m2e.maven.runtime_3.9.700.20240602-2313\jars\wagon-http-shared-3.5.3.jar
2025-03-21 09:12:59,787 [Worker-10: Launching mavenrun-78816f4b-cbf3-488a-be19-ca60c0d559a7] INFO  o.eclipse.m2e.core.internal.Bundles - 	Entry: C:\Users\Santiago\.p2\pool\plugins\org.eclipse.m2e.maven.runtime_3.9.700.20240602-2313\jars\wagon-provider-api-3.5.3.jar
2025-03-21 09:12:59,789 [Worker-10: Launching mavenrun-78816f4b-cbf3-488a-be19-ca60c0d559a7] INFO  o.eclipse.m2e.core.internal.Bundles - getClasspathEntries(Bundle=com.google.guava_33.2.0.jre [10])
2025-03-21 09:12:59,789 [Worker-10: Launching mavenrun-78816f4b-cbf3-488a-be19-ca60c0d559a7] INFO  o.eclipse.m2e.core.internal.Bundles - 	Entry: C:\Users\Santiago\.p2\pool\plugins\com.google.guava_33.2.0.jre.jar
2025-03-21 09:12:59,789 [Worker-10: Launching mavenrun-78816f4b-cbf3-488a-be19-ca60c0d559a7] INFO  o.eclipse.m2e.core.internal.Bundles - getClasspathEntries(Bundle=slf4j.api_2.0.16 [520])
2025-03-21 09:12:59,790 [Worker-10: Launching mavenrun-78816f4b-cbf3-488a-be19-ca60c0d559a7] INFO  o.eclipse.m2e.core.internal.Bundles - 	Entry: C:\Users\Santiago\.p2\pool\plugins\slf4j.api_2.0.16.jar
2025-03-21 09:12:59,790 [Worker-10: Launching mavenrun-78816f4b-cbf3-488a-be19-ca60c0d559a7] INFO  o.eclipse.m2e.core.internal.Bundles - getClasspathEntries(Bundle=jakarta.inject.jakarta.inject-api_1.0.5 [21])
2025-03-21 09:12:59,791 [Worker-10: Launching mavenrun-78816f4b-cbf3-488a-be19-ca60c0d559a7] INFO  o.eclipse.m2e.core.internal.Bundles - 	Entry: C:\Users\Santiago\.p2\pool\plugins\jakarta.inject.jakarta.inject-api_1.0.5.jar
2025-03-21 09:12:59,791 [Worker-10: Launching mavenrun-78816f4b-cbf3-488a-be19-ca60c0d559a7] INFO  o.eclipse.m2e.core.internal.Bundles - getClasspathEntries(Bundle=javax.annotation_1.3.5.v20200909-1856 [24])
2025-03-21 09:12:59,791 [Worker-10: Launching mavenrun-78816f4b-cbf3-488a-be19-ca60c0d559a7] INFO  o.eclipse.m2e.core.internal.Bundles - 	Entry: C:\Users\Santiago\.p2\pool\plugins\javax.annotation_1.3.5.v20200909-1856.jar
2025-03-21 09:12:59,791 [Worker-10: Launching mavenrun-78816f4b-cbf3-488a-be19-ca60c0d559a7] INFO  o.eclipse.m2e.core.internal.Bundles - getClasspathEntries(Bundle=org.apache.commons.cli_1.8.0 [47])
2025-03-21 09:12:59,793 [Worker-10: Launching mavenrun-78816f4b-cbf3-488a-be19-ca60c0d559a7] INFO  o.eclipse.m2e.core.internal.Bundles - 	Entry: C:\Users\Santiago\.p2\pool\plugins\org.apache.commons.cli_1.8.0.jar
2025-03-21 09:12:59,795 [Worker-10: Launching mavenrun-78816f4b-cbf3-488a-be19-ca60c0d559a7] INFO  o.eclipse.m2e.core.internal.Bundles - getClasspathEntries(Bundle=org.apache.commons.commons-codec_1.16.0 [48])
2025-03-21 09:12:59,795 [Worker-10: Launching mavenrun-78816f4b-cbf3-488a-be19-ca60c0d559a7] INFO  o.eclipse.m2e.core.internal.Bundles - 	Entry: C:\Users\Santiago\.p2\pool\plugins\org.apache.commons.commons-codec_1.16.0.jar
2025-03-21 09:12:59,796 [Worker-10: Launching mavenrun-78816f4b-cbf3-488a-be19-ca60c0d559a7] INFO  o.eclipse.m2e.core.internal.Bundles - getClasspathEntries(Bundle=org.apache.commons.lang3_3.14.0 [54])
2025-03-21 09:12:59,796 [Worker-10: Launching mavenrun-78816f4b-cbf3-488a-be19-ca60c0d559a7] INFO  o.eclipse.m2e.core.internal.Bundles - 	Entry: C:\Users\Santiago\.p2\pool\plugins\org.apache.commons.lang3_3.14.0.jar
2025-03-21 09:12:59,796 [Worker-10: Launching mavenrun-78816f4b-cbf3-488a-be19-ca60c0d559a7] INFO  o.eclipse.m2e.core.internal.Bundles - getClasspathEntries(Bundle=com.google.guava.failureaccess_1.0.2 [11])
2025-03-21 09:12:59,798 [Worker-10: Launching mavenrun-78816f4b-cbf3-488a-be19-ca60c0d559a7] INFO  o.eclipse.m2e.core.internal.Bundles - 	Entry: C:\Users\Santiago\.p2\pool\plugins\com.google.guava.failureaccess_1.0.2.jar
2025-03-21 09:12:59,803 [Worker-10: Launching mavenrun-78816f4b-cbf3-488a-be19-ca60c0d559a7] INFO  o.e.m.i.launch.MavenLaunchDelegate - Run build in "C:\Users\Santiago\AppData\Local\Temp\m2e-archetypeGenerator7941072722617371593":
2025-03-21 09:12:59,806 [Worker-10: Launching mavenrun-78816f4b-cbf3-488a-be19-ca60c0d559a7] INFO  o.e.m.i.launch.MavenLaunchDelegate -  mvn  -DarchetypeGroupId=io.github.unlp-oo -DarchetypeArtifactId=archetype -DarchetypeVersion=1.0.0 -DgroupId=io.github.unlp-oo -DartifactId=archetype -Dversion=0.0.1-SNAPSHOT -Dpackage=io.github.unlp_oo.archetype -DoutputDirectory=C:\Users\Santiago\OneDrive\Documentos\LI\OO2 -B -Dstyle.color=always -U archetype:generate
2025-03-21 09:13:45,483 [Worker-9: Creating archetype] INFO  o.e.m.c.i.p.ProjectConfigurationManager - Collecting project info '/pom.xml' C:\Users\Santiago\OneDrive\Documentos\LI\OO2\archetype\pom.xml
2025-03-21 09:13:47,597 [Worker-9: Creating archetype] INFO  o.e.m.c.i.l.LifecycleMappingFactory - Using org.eclipse.m2e.jdt.JarLifecycleMapping lifecycle mapping for MavenProject: io.github.unlp-oo:archetype:0.0.1-SNAPSHOT @ C:\Users\Santiago\OneDrive\Documentos\LI\OO2\archetype\pom.xml.
2025-03-21 09:13:49,106 [Worker-9: Creating archetype] INFO  o.e.m.j.i.AbstractJavaProjectConfigurator - Adding source folder /archetype/src/main/java
2025-03-21 09:13:49,109 [Worker-9: Creating archetype] INFO  o.e.m.j.i.AbstractJavaProjectConfigurator - Adding resource folder /archetype/src/main/resources
2025-03-21 09:13:49,111 [Worker-9: Creating archetype] INFO  o.e.m.j.i.AbstractJavaProjectConfigurator - Adding source folder /archetype/src/test/java
2025-03-21 09:13:49,112 [Worker-9: Creating archetype] INFO  o.e.m.j.i.AbstractJavaProjectConfigurator - Adding resource folder /archetype/src/test/resources
2025-03-21 09:13:49,554 [Worker-9: Creating archetype] INFO  o.e.m.c.i.p.ProjectConfigurationManager - Imported and configured 1 project(s) in 4 sec
2025-03-21 09:13:50,209 [Worker-15: Building] INFO  o.a.m.s.f.DefaultMavenResourcesFiltering - skip non existing resourceDirectory C:\Users\Santiago\OneDrive\Documentos\LI\OO2\archetype\src\main\resources
2025-03-21 09:13:50,212 [Worker-15: Building] INFO  o.a.m.s.f.DefaultMavenResourcesFiltering - skip non existing resourceDirectory C:\Users\Santiago\OneDrive\Documentos\LI\OO2\archetype\src\test\resources
2025-03-21 09:14:15,551 [Worker-15: Building] INFO  o.a.m.s.f.DefaultMavenResourcesFiltering - skip non existing resourceDirectory C:\Users\Santiago\OneDrive\Documentos\LI\OO2\Ejercicio_1 Red social\src\main\resources
2025-03-21 09:14:15,564 [Worker-15: Building] INFO  o.a.m.s.f.DefaultMavenResourcesFiltering - skip non existing resourceDirectory C:\Users\Santiago\OneDrive\Documentos\LI\OO2\Ejercicio_1 Red social\src\test\resources
2025-03-21 09:14:27,146 [Worker-9: Importing Maven projects] INFO  o.e.m.c.i.l.LifecycleMappingFactory - Using org.eclipse.m2e.jdt.JarLifecycleMapping lifecycle mapping for MavenProject: io.github.unlp-oo:archetype:0.0.1-SNAPSHOT @ C:\Users\Santiago\OneDrive\Documentos\LI\OO2\Ejercicio_2 Piedra Papel Tijera\pom.xml.
2025-03-21 09:14:27,331 [Worker-9: Importing Maven projects] INFO  o.e.m.j.i.AbstractJavaProjectConfigurator - Adding source folder /Ejercicio_2 Piedra Papel Tijera/src/main/java
2025-03-21 09:14:27,332 [Worker-9: Importing Maven projects] INFO  o.e.m.j.i.AbstractJavaProjectConfigurator - Adding resource folder /Ejercicio_2 Piedra Papel Tijera/src/main/resources
2025-03-21 09:14:27,333 [Worker-9: Importing Maven projects] INFO  o.e.m.j.i.AbstractJavaProjectConfigurator - Adding source folder /Ejercicio_2 Piedra Papel Tijera/src/test/java
2025-03-21 09:14:27,337 [Worker-9: Importing Maven projects] INFO  o.e.m.j.i.AbstractJavaProjectConfigurator - Adding resource folder /Ejercicio_2 Piedra Papel Tijera/src/test/resources
2025-03-21 09:14:27,388 [Worker-9: Importing Maven projects] INFO  o.e.m.c.i.p.ProjectConfigurationManager - Imported and configured 1 project(s) in 0 sec
2025-03-21 09:14:27,896 [Worker-9: Building] INFO  o.a.m.s.f.DefaultMavenResourcesFiltering - skip non existing resourceDirectory C:\Users\Santiago\OneDrive\Documentos\LI\OO2\Ejercicio_2 Piedra Papel Tijera\src\main\resources
2025-03-21 09:14:27,900 [Worker-9: Building] INFO  o.a.m.s.f.DefaultMavenResourcesFiltering - skip non existing resourceDirectory C:\Users\Santiago\OneDrive\Documentos\LI\OO2\Ejercicio_2 Piedra Papel Tijera\src\test\resources
2025-03-21 09:17:55,408 [Worker-16: Building] INFO  o.a.m.s.f.DefaultMavenResourcesFiltering - skip non existing resourceDirectory C:\Users\Santiago\OneDrive\Documentos\LI\OO2\Ejercicio_2 Piedra Papel Tijera\src\main\resources
2025-03-21 09:17:55,413 [Worker-16: Building] INFO  o.a.m.s.f.DefaultMavenResourcesFiltering - skip non existing resourceDirectory C:\Users\Santiago\OneDrive\Documentos\LI\OO2\Ejercicio_2 Piedra Papel Tijera\src\test\resources
2025-03-21 09:20:03,176 [Worker-11: Building] INFO  o.a.m.s.f.DefaultMavenResourcesFiltering - skip non existing resourceDirectory C:\Users\Santiago\OneDrive\Documentos\LI\OO2\Ejercicio_2 Piedra Papel Tijera\src\main\resources
2025-03-21 09:20:03,181 [Worker-11: Building] INFO  o.a.m.s.f.DefaultMavenResourcesFiltering - skip non existing resourceDirectory C:\Users\Santiago\OneDrive\Documentos\LI\OO2\Ejercicio_2 Piedra Papel Tijera\src\test\resources
2025-03-21 09:26:26,257 [Worker-18: Building] INFO  o.a.m.s.f.DefaultMavenResourcesFiltering - skip non existing resourceDirectory C:\Users\Santiago\OneDrive\Documentos\LI\OO2\Ejercicio_2 Piedra Papel Tijera\src\main\resources
2025-03-21 09:26:26,259 [Worker-18: Building] INFO  o.a.m.s.f.DefaultMavenResourcesFiltering - skip non existing resourceDirectory C:\Users\Santiago\OneDrive\Documentos\LI\OO2\Ejercicio_2 Piedra Papel Tijera\src\test\resources
2025-03-21 09:26:34,027 [Worker-19: Building] INFO  o.a.m.s.f.DefaultMavenResourcesFiltering - skip non existing resourceDirectory C:\Users\Santiago\OneDrive\Documentos\LI\OO2\Ejercicio_2 Piedra Papel Tijera\src\main\resources
2025-03-21 09:26:34,030 [Worker-19: Building] INFO  o.a.m.s.f.DefaultMavenResourcesFiltering - skip non existing resourceDirectory C:\Users\Santiago\OneDrive\Documentos\LI\OO2\Ejercicio_2 Piedra Papel Tijera\src\test\resources
2025-03-21 09:32:41,312 [Worker-18: Building] INFO  o.a.m.s.f.DefaultMavenResourcesFiltering - skip non existing resourceDirectory C:\Users\Santiago\OneDrive\Documentos\LI\OO2\Ejercicio_2 Piedra Papel Tijera\src\main\resources
2025-03-21 09:32:41,324 [Worker-18: Building] INFO  o.a.m.s.f.DefaultMavenResourcesFiltering - skip non existing resourceDirectory C:\Users\Santiago\OneDrive\Documentos\LI\OO2\Ejercicio_2 Piedra Papel Tijera\src\test\resources
2025-03-21 09:38:15,680 [Worker-17: Building] INFO  o.a.m.s.f.DefaultMavenResourcesFiltering - skip non existing resourceDirectory C:\Users\Santiago\OneDrive\Documentos\LI\OO2\Ejercicio_2 Piedra Papel Tijera\src\main\resources
2025-03-21 09:38:15,690 [Worker-17: Building] INFO  o.a.m.s.f.DefaultMavenResourcesFiltering - skip non existing resourceDirectory C:\Users\Santiago\OneDrive\Documentos\LI\OO2\Ejercicio_2 Piedra Papel Tijera\src\test\resources
2025-03-21 09:39:09,435 [Worker-9: Building] INFO  o.a.m.s.f.DefaultMavenResourcesFiltering - skip non existing resourceDirectory C:\Users\Santiago\OneDrive\Documentos\LI\OO2\Ejercicio_2 Piedra Papel Tijera\src\main\resources
2025-03-21 09:39:09,437 [Worker-9: Building] INFO  o.a.m.s.f.DefaultMavenResourcesFiltering - skip non existing resourceDirectory C:\Users\Santiago\OneDrive\Documentos\LI\OO2\Ejercicio_2 Piedra Papel Tijera\src\test\resources
2025-03-21 09:55:03,586 [Worker-17: Building] INFO  o.a.m.s.f.DefaultMavenResourcesFiltering - skip non existing resourceDirectory C:\Users\Santiago\OneDrive\Documentos\LI\OO2\Ejercicio_2 Piedra Papel Tijera\src\main\resources
2025-03-21 09:55:03,610 [Worker-17: Building] INFO  o.a.m.s.f.DefaultMavenResourcesFiltering - skip non existing resourceDirectory C:\Users\Santiago\OneDrive\Documentos\LI\OO2\Ejercicio_2 Piedra Papel Tijera\src\test\resources
2025-03-21 09:56:43,408 [Worker-25: Launching OpcionTest] INFO  o.a.m.s.f.DefaultMavenResourcesFiltering - skip non existing resourceDirectory C:\Users\Santiago\OneDrive\Documentos\LI\OO2\Ejercicio_2 Piedra Papel Tijera\src\main\resources
2025-03-21 09:56:43,413 [Worker-25: Launching OpcionTest] INFO  o.a.m.s.f.DefaultMavenResourcesFiltering - skip non existing resourceDirectory C:\Users\Santiago\OneDrive\Documentos\LI\OO2\Ejercicio_2 Piedra Papel Tijera\src\test\resources
2025-03-21 10:10:21,534 [Worker-17: Building] INFO  o.a.m.s.f.DefaultMavenResourcesFiltering - skip non existing resourceDirectory C:\Users\Santiago\OneDrive\Documentos\LI\OO2\Ejercicio_2 Piedra Papel Tijera\src\main\resources
2025-03-21 10:10:21,541 [Worker-17: Building] INFO  o.a.m.s.f.DefaultMavenResourcesFiltering - skip non existing resourceDirectory C:\Users\Santiago\OneDrive\Documentos\LI\OO2\Ejercicio_2 Piedra Papel Tijera\src\test\resources
2025-03-21 10:20:23,866 [Worker-31: Building] INFO  o.a.m.s.f.DefaultMavenResourcesFiltering - skip non existing resourceDirectory C:\Users\Santiago\OneDrive\Documentos\LI\OO2\Ejercicio_1 Red social\src\main\resources
2025-03-21 10:20:23,878 [Worker-31: Building] INFO  o.a.m.s.f.DefaultMavenResourcesFiltering - skip non existing resourceDirectory C:\Users\Santiago\OneDrive\Documentos\LI\OO2\Ejercicio_1 Red social\src\test\resources
2025-03-21 10:20:33,612 [Worker-17: Building] INFO  o.a.m.s.f.DefaultMavenResourcesFiltering - skip non existing resourceDirectory C:\Users\Santiago\OneDrive\Documentos\LI\OO2\Ejercicio_1 Red social\src\main\resources
2025-03-21 10:20:33,621 [Worker-17: Building] INFO  o.a.m.s.f.DefaultMavenResourcesFiltering - skip non existing resourceDirectory C:\Users\Santiago\OneDrive\Documentos\LI\OO2\Ejercicio_1 Red social\src\test\resources
2025-03-21 10:21:01,812 [Worker-17: Building] INFO  o.a.m.s.f.DefaultMavenResourcesFiltering - skip non existing resourceDirectory C:\Users\Santiago\OneDrive\Documentos\LI\OO2\Ejercicio_1 Red social\src\main\resources
2025-03-21 10:21:01,819 [Worker-17: Building] INFO  o.a.m.s.f.DefaultMavenResourcesFiltering - skip non existing resourceDirectory C:\Users\Santiago\OneDrive\Documentos\LI\OO2\Ejercicio_1 Red social\src\test\resources
2025-03-21 10:23:09,742 [Worker-17: Building] INFO  o.a.m.s.f.DefaultMavenResourcesFiltering - skip non existing resourceDirectory C:\Users\Santiago\OneDrive\Documentos\LI\OO2\Ejercicio_1 Red social\src\main\resources
2025-03-21 10:23:09,750 [Worker-17: Building] INFO  o.a.m.s.f.DefaultMavenResourcesFiltering - skip non existing resourceDirectory C:\Users\Santiago\OneDrive\Documentos\LI\OO2\Ejercicio_1 Red social\src\test\resources
2025-03-21 10:23:09,783 [Worker-17: Building] INFO  o.a.m.s.f.DefaultMavenResourcesFiltering - skip non existing resourceDirectory C:\Users\Santiago\OneDrive\Documentos\LI\OO2\Ejercicio_2 Piedra Papel Tijera\src\main\resources
2025-03-21 10:23:09,786 [Worker-17: Building] INFO  o.a.m.s.f.DefaultMavenResourcesFiltering - skip non existing resourceDirectory C:\Users\Santiago\OneDrive\Documentos\LI\OO2\Ejercicio_2 Piedra Papel Tijera\src\test\resources
2025-03-21 10:23:18,330 [Worker-31: Building] INFO  o.a.m.s.f.DefaultMavenResourcesFiltering - skip non existing resourceDirectory C:\Users\Santiago\OneDrive\Documentos\LI\OO2\Ejercicio_1 Red social\src\main\resources
2025-03-21 10:23:18,333 [Worker-31: Building] INFO  o.a.m.s.f.DefaultMavenResourcesFiltering - skip non existing resourceDirectory C:\Users\Santiago\OneDrive\Documentos\LI\OO2\Ejercicio_1 Red social\src\test\resources
2025-03-21 10:23:25,167 [Worker-31: Building] INFO  o.a.m.s.f.DefaultMavenResourcesFiltering - skip non existing resourceDirectory C:\Users\Santiago\OneDrive\Documentos\LI\OO2\Ejercicio_1 Red social\src\main\resources
2025-03-21 10:23:25,170 [Worker-31: Building] INFO  o.a.m.s.f.DefaultMavenResourcesFiltering - skip non existing resourceDirectory C:\Users\Santiago\OneDrive\Documentos\LI\OO2\Ejercicio_1 Red social\src\test\resources
2025-03-21 10:25:21,863 [Worker-32: Building] INFO  o.a.m.s.f.DefaultMavenResourcesFiltering - skip non existing resourceDirectory C:\Users\Santiago\OneDrive\Documentos\LI\OO2\Ejercicio_1 Red social\src\main\resources
2025-03-21 10:25:21,869 [Worker-32: Building] INFO  o.a.m.s.f.DefaultMavenResourcesFiltering - skip non existing resourceDirectory C:\Users\Santiago\OneDrive\Documentos\LI\OO2\Ejercicio_1 Red social\src\test\resources
2025-03-21 10:25:25,220 [Worker-33: Building] INFO  o.a.m.s.f.DefaultMavenResourcesFiltering - skip non existing resourceDirectory C:\Users\Santiago\OneDrive\Documentos\LI\OO2\Ejercicio_1 Red social\src\main\resources
2025-03-21 10:25:25,222 [Worker-33: Building] INFO  o.a.m.s.f.DefaultMavenResourcesFiltering - skip non existing resourceDirectory C:\Users\Santiago\OneDrive\Documentos\LI\OO2\Ejercicio_1 Red social\src\test\resources
2025-03-21 10:26:56,566 [Worker-31: Launching UserTest] INFO  o.a.m.s.f.DefaultMavenResourcesFiltering - skip non existing resourceDirectory C:\Users\Santiago\OneDrive\Documentos\LI\OO2\Ejercicio_1 Red social\src\main\resources
2025-03-21 10:26:56,572 [Worker-31: Launching UserTest] INFO  o.a.m.s.f.DefaultMavenResourcesFiltering - skip non existing resourceDirectory C:\Users\Santiago\OneDrive\Documentos\LI\OO2\Ejercicio_1 Red social\src\test\resources
2025-03-21 10:27:40,696 [Worker-33: Building] INFO  o.a.m.s.f.DefaultMavenResourcesFiltering - skip non existing resourceDirectory C:\Users\Santiago\OneDrive\Documentos\LI\OO2\Ejercicio_1 Red social\src\main\resources
2025-03-21 10:27:40,701 [Worker-33: Building] INFO  o.a.m.s.f.DefaultMavenResourcesFiltering - skip non existing resourceDirectory C:\Users\Santiago\OneDrive\Documentos\LI\OO2\Ejercicio_1 Red social\src\test\resources
2025-03-21 10:31:58,889 [Worker-34: Building] INFO  o.a.m.s.f.DefaultMavenResourcesFiltering - skip non existing resourceDirectory C:\Users\Santiago\OneDrive\Documentos\LI\OO2\Ejercicio_1 Red social\src\main\resources
2025-03-21 10:31:58,892 [Worker-34: Building] INFO  o.a.m.s.f.DefaultMavenResourcesFiltering - skip non existing resourceDirectory C:\Users\Santiago\OneDrive\Documentos\LI\OO2\Ejercicio_1 Red social\src\test\resources
2025-03-21 10:31:58,920 [Worker-34: Building] INFO  o.a.m.s.f.DefaultMavenResourcesFiltering - skip non existing resourceDirectory C:\Users\Santiago\OneDrive\Documentos\LI\OO2\Ejercicio_2 Piedra Papel Tijera\src\main\resources
2025-03-21 10:31:58,924 [Worker-34: Building] INFO  o.a.m.s.f.DefaultMavenResourcesFiltering - skip non existing resourceDirectory C:\Users\Santiago\OneDrive\Documentos\LI\OO2\Ejercicio_2 Piedra Papel Tijera\src\test\resources
2025-03-21 19:47:14,179 [Worker-3: Loading available Gradle versions] INFO  o.e.b.c.i.u.g.PublishedGradleVersions - Gradle version information cache is out-of-date. Trying to update.
